<?xml version="1.0" encoding="UTF-8"?>
<!-- Generated by org.testng.reporters.JUnitReportReporter -->
<testsuite hostname="LAPTOP-IN3O14F1" failures="0" tests="2" name="common.Common" time="7.895" errors="0" timestamp="2022-06-02T08:20:25 IST" skipped="0">
  <testcase classname="common.Common" name="login" time="0.311"/>
  <system-out/>
  <testcase classname="common.Common" name="launchBrowser" time="7.584"/>
  <system-out/>
</testsuite> <!-- common.Common -->
