<?xml version="1.0" encoding="UTF-8"?>
<!-- Generated by org.testng.reporters.JUnitReportReporter -->
<testsuite skipped="0" hostname="LAPTOP-L36TRD7L" name="june3common.Commonclass" tests="1" failures="0" timestamp="2022-06-02T14:10:23 IST" time="17.638" errors="0">
  <testcase name="openbrowser" time="17.638" classname="june3common.Commonclass"/>
  <system-out/>
</testsuite> <!-- june3common.Commonclass -->
